<?xml version="1.0" encoding="UTF-8"?>
<testng-results ignored="0" total="1" passed="1" failed="0" skipped="0">
  <reporter-output>
  </reporter-output>
  <suite started-at="2024-07-24T22:35:20 IST" name="Default suite" finished-at="2024-07-24T22:35:42 IST" duration-ms="21783">
    <groups>
    </groups>
    <test started-at="2024-07-24T22:35:20 IST" name="Default test" finished-at="2024-07-24T22:35:42 IST" duration-ms="21783">
      <class name="mobiletesting.appium.AppiumBasics">
        <test-method is-config="true" signature="configureAppium()[pri:0, instance:mobiletesting.appium.AppiumBasics@793f29ff]" started-at="2024-07-24T22:35:21 IST" name="configureAppium" finished-at="2024-07-24T22:35:40 IST" duration-ms="19913" status="PASS">
          <reporter-output>
          </reporter-output>
        </test-method> <!-- configureAppium -->
        <test-method signature="WifiSettingsName()[pri:0, instance:mobiletesting.appium.AppiumBasics@793f29ff]" started-at="2024-07-24T22:35:40 IST" name="WifiSettingsName" finished-at="2024-07-24T22:35:42 IST" duration-ms="1129" status="PASS">
          <reporter-output>
          </reporter-output>
        </test-method> <!-- WifiSettingsName -->
        <test-method is-config="true" signature="tearDown()[pri:0, instance:mobiletesting.appium.AppiumBasics@793f29ff]" started-at="2024-07-24T22:35:42 IST" name="tearDown" finished-at="2024-07-24T22:35:42 IST" duration-ms="606" status="PASS">
          <reporter-output>
          </reporter-output>
        </test-method> <!-- tearDown -->
      </class> <!-- mobiletesting.appium.AppiumBasics -->
    </test> <!-- Default test -->
  </suite> <!-- Default suite -->
</testng-results>
